<?xml version="1.0" encoding="UTF-8"?>
<coverage generated="1766176146084" clover="3.2.0">
  <project timestamp="1766176146084" name="All files">
    <metrics statements="147" coveredstatements="147" conditionals="52" coveredconditionals="36" methods="97" coveredmethods="97" elements="296" coveredelements="280" complexity="0" loc="147" ncloc="147" packages="13" files="13" classes="13"/>
    <package name="components.feature.package-search">
      <metrics statements="26" coveredstatements="26" conditionals="10" coveredconditionals="8" methods="30" coveredmethods="30"/>
      <file name="package-search-input.tsx" path="/skills/services/frontend/src/components/feature/package-search/package-search-input.tsx">
        <metrics statements="26" coveredstatements="26" conditionals="10" coveredconditionals="8" methods="30" coveredmethods="30"/>
        <line num="38" count="1" type="stmt"/>
        <line num="39" count="12" type="stmt"/>
        <line num="40" count="1" type="stmt"/>
        <line num="41" count="1" type="stmt"/>
        <line num="44" count="12" type="stmt"/>
        <line num="46" count="12" type="stmt"/>
        <line num="47" count="12" type="stmt"/>
        <line num="48" count="12" type="stmt"/>
        <line num="71" count="28" type="stmt"/>
        <line num="72" count="5" type="stmt"/>
        <line num="73" count="28" type="cond" truecount="1" falsecount="1"/>
        <line num="78" count="15" type="stmt"/>
        <line num="98" count="18" type="stmt"/>
        <line num="101" count="12" type="stmt"/>
        <line num="128" count="19" type="cond" truecount="2" falsecount="0"/>
        <line num="130" count="5" type="stmt"/>
        <line num="131" count="2" type="stmt"/>
        <line num="134" count="2" type="stmt"/>
        <line num="140" count="2" type="stmt"/>
        <line num="142" count="2" type="stmt"/>
        <line num="144" count="2" type="stmt"/>
        <line num="150" count="2" type="stmt"/>
        <line num="155" count="12" type="stmt"/>
        <line num="162" count="18" type="cond" truecount="4" falsecount="0"/>
        <line num="166" count="12" type="stmt"/>
        <line num="172" count="1" type="cond" truecount="1" falsecount="1"/>
      </file>
    </package>
    <package name="components.primitives.container">
      <metrics statements="7" coveredstatements="7" conditionals="2" coveredconditionals="1" methods="3" coveredmethods="3"/>
      <file name="container.tsx" path="/skills/services/frontend/src/components/primitives/container/container.tsx">
        <metrics statements="7" coveredstatements="7" conditionals="2" coveredconditionals="1" methods="3" coveredmethods="3"/>
        <line num="5" count="1" type="stmt"/>
        <line num="26" count="1" type="stmt"/>
        <line num="27" count="20" type="stmt"/>
        <line num="29" count="20" type="stmt"/>
        <line num="32" count="20" type="stmt"/>
        <line num="34" count="20" type="stmt"/>
        <line num="37" count="1" type="cond" truecount="1" falsecount="1"/>
      </file>
    </package>
    <package name="components.primitives.flex">
      <metrics statements="7" coveredstatements="7" conditionals="2" coveredconditionals="1" methods="3" coveredmethods="3"/>
      <file name="flex.tsx" path="/skills/services/frontend/src/components/primitives/flex/flex.tsx">
        <metrics statements="7" coveredstatements="7" conditionals="2" coveredconditionals="1" methods="3" coveredmethods="3"/>
        <line num="5" count="1" type="stmt"/>
        <line num="57" count="1" type="stmt"/>
        <line num="58" count="28" type="stmt"/>
        <line num="68" count="28" type="stmt"/>
        <line num="80" count="28" type="stmt"/>
        <line num="82" count="28" type="stmt"/>
        <line num="85" count="1" type="cond" truecount="1" falsecount="1"/>
      </file>
    </package>
    <package name="components.primitives.heading">
      <metrics statements="8" coveredstatements="8" conditionals="8" coveredconditionals="4" methods="3" coveredmethods="3"/>
      <file name="heading.tsx" path="/skills/services/frontend/src/components/primitives/heading/heading.tsx">
        <metrics statements="8" coveredstatements="8" conditionals="8" coveredconditionals="4" methods="3" coveredmethods="3"/>
        <line num="6" count="1" type="stmt"/>
        <line num="35" count="1" type="stmt"/>
        <line num="36" count="38" type="stmt"/>
        <line num="44" count="38" type="cond" truecount="2" falsecount="1"/>
        <line num="46" count="38" type="stmt"/>
        <line num="48" count="38" type="stmt"/>
        <line num="56" count="38" type="stmt"/>
        <line num="61" count="1" type="cond" truecount="1" falsecount="1"/>
      </file>
    </package>
    <package name="components.primitives.stack">
      <metrics statements="7" coveredstatements="7" conditionals="2" coveredconditionals="1" methods="3" coveredmethods="3"/>
      <file name="stack.tsx" path="/skills/services/frontend/src/components/primitives/stack/stack.tsx">
        <metrics statements="7" coveredstatements="7" conditionals="2" coveredconditionals="1" methods="3" coveredmethods="3"/>
        <line num="5" count="1" type="stmt"/>
        <line num="39" count="1" type="stmt"/>
        <line num="40" count="26" type="stmt"/>
        <line num="48" count="26" type="stmt"/>
        <line num="58" count="26" type="stmt"/>
        <line num="60" count="26" type="stmt"/>
        <line num="63" count="1" type="cond" truecount="1" falsecount="1"/>
      </file>
    </package>
    <package name="components.primitives.text">
      <metrics statements="7" coveredstatements="7" conditionals="4" coveredconditionals="3" methods="4" coveredmethods="4"/>
      <file name="text.tsx" path="/skills/services/frontend/src/components/primitives/text/text.tsx">
        <metrics statements="7" coveredstatements="7" conditionals="4" coveredconditionals="3" methods="4" coveredmethods="4"/>
        <line num="6" count="1" type="stmt"/>
        <line num="46" count="1" type="stmt"/>
        <line num="47" count="50" type="stmt"/>
        <line num="56" count="50" type="stmt"/>
        <line num="58" count="50" type="cond" truecount="2" falsecount="0"/>
        <line num="67" count="50" type="stmt"/>
        <line num="72" count="1" type="cond" truecount="1" falsecount="1"/>
      </file>
    </package>
    <package name="components.ui.badge">
      <metrics statements="6" coveredstatements="6" conditionals="2" coveredconditionals="1" methods="2" coveredmethods="2"/>
      <file name="badge.tsx" path="/skills/services/frontend/src/components/ui/badge/badge.tsx">
        <metrics statements="6" coveredstatements="6" conditionals="2" coveredconditionals="1" methods="2" coveredmethods="2"/>
        <line num="6" count="1" type="stmt"/>
        <line num="73" count="1" type="stmt"/>
        <line num="74" count="32" type="stmt"/>
        <line num="75" count="32" type="stmt"/>
        <line num="81" count="32" type="stmt"/>
        <line num="84" count="1" type="cond" truecount="1" falsecount="1"/>
      </file>
    </package>
    <package name="components.ui.button">
      <metrics statements="6" coveredstatements="6" conditionals="2" coveredconditionals="1" methods="2" coveredmethods="2"/>
      <file name="button.tsx" path="/skills/services/frontend/src/components/ui/button/button.tsx">
        <metrics statements="6" coveredstatements="6" conditionals="2" coveredconditionals="1" methods="2" coveredmethods="2"/>
        <line num="9" count="1" type="stmt"/>
        <line num="138" count="1" type="stmt"/>
        <line num="139" count="54" type="stmt"/>
        <line num="141" count="54" type="stmt"/>
        <line num="142" count="54" type="stmt"/>
        <line num="150" count="1" type="cond" truecount="1" falsecount="1"/>
      </file>
    </package>
    <package name="components.ui.card">
      <metrics statements="7" coveredstatements="7" conditionals="2" coveredconditionals="1" methods="3" coveredmethods="3"/>
      <file name="card.tsx" path="/skills/services/frontend/src/components/ui/card/card.tsx">
        <metrics statements="7" coveredstatements="7" conditionals="2" coveredconditionals="1" methods="3" coveredmethods="3"/>
        <line num="5" count="1" type="stmt"/>
        <line num="35" count="1" type="stmt"/>
        <line num="36" count="28" type="stmt"/>
        <line num="38" count="28" type="stmt"/>
        <line num="41" count="28" type="stmt"/>
        <line num="43" count="28" type="stmt"/>
        <line num="46" count="1" type="cond" truecount="1" falsecount="1"/>
      </file>
    </package>
    <package name="components.ui.label">
      <metrics statements="5" coveredstatements="5" conditionals="2" coveredconditionals="1" methods="2" coveredmethods="2"/>
      <file name="label.tsx" path="/skills/services/frontend/src/components/ui/label/label.tsx">
        <metrics statements="5" coveredstatements="5" conditionals="2" coveredconditionals="1" methods="2" coveredmethods="2"/>
        <line num="6" count="1" type="stmt"/>
        <line num="7" count="8" type="stmt"/>
        <line num="8" count="8" type="stmt"/>
        <line num="14" count="8" type="stmt"/>
        <line num="19" count="1" type="cond" truecount="1" falsecount="1"/>
      </file>
    </package>
    <package name="components.ui.text-field">
      <metrics statements="27" coveredstatements="27" conditionals="2" coveredconditionals="1" methods="13" coveredmethods="13"/>
      <file name="text-field.tsx" path="/skills/services/frontend/src/components/ui/text-field/text-field.tsx">
        <metrics statements="27" coveredstatements="27" conditionals="2" coveredconditionals="1" methods="13" coveredmethods="13"/>
        <line num="14" count="2" type="stmt"/>
        <line num="17" count="34" type="stmt"/>
        <line num="18" count="34" type="stmt"/>
        <line num="19" count="34" type="stmt"/>
        <line num="54" count="2" type="stmt"/>
        <line num="57" count="30" type="stmt"/>
        <line num="61" count="30" type="stmt"/>
        <line num="65" count="30" type="stmt"/>
        <line num="67" count="69" type="stmt"/>
        <line num="80" count="2" type="stmt"/>
        <line num="83" count="4" type="stmt"/>
        <line num="86" count="4" type="stmt"/>
        <line num="87" count="8" type="stmt"/>
        <line num="97" count="2" type="stmt"/>
        <line num="117" count="2" type="stmt"/>
        <line num="120" count="32" type="stmt"/>
        <line num="121" count="32" type="stmt"/>
        <line num="122" count="92" type="stmt"/>
        <line num="134" count="2" type="stmt"/>
        <line num="137" count="8" type="stmt"/>
        <line num="140" count="8" type="stmt"/>
        <line num="141" count="8" type="stmt"/>
        <line num="153" count="2" type="stmt"/>
        <line num="156" count="4" type="stmt"/>
        <line num="159" count="4" type="stmt"/>
        <line num="160" count="4" type="stmt"/>
        <line num="174" count="2" type="cond" truecount="1" falsecount="1"/>
      </file>
    </package>
    <package name="components.ui.toast">
      <metrics statements="33" coveredstatements="33" conditionals="14" coveredconditionals="13" methods="28" coveredmethods="28"/>
      <file name="toast.tsx" path="/skills/services/frontend/src/components/ui/toast/toast.tsx">
        <metrics statements="33" coveredstatements="33" conditionals="14" coveredconditionals="13" methods="28" coveredmethods="28"/>
        <line num="10" count="1" type="stmt"/>
        <line num="89" count="1" type="stmt"/>
        <line num="90" count="20" type="stmt"/>
        <line num="92" count="20" type="stmt"/>
        <line num="93" count="40" type="stmt"/>
        <line num="95" count="20" type="stmt"/>
        <line num="102" count="1" type="stmt"/>
        <line num="103" count="20" type="stmt"/>
        <line num="104" count="20" type="stmt"/>
        <line num="111" count="1" type="stmt"/>
        <line num="112" count="20" type="stmt"/>
        <line num="113" count="20" type="stmt"/>
        <line num="120" count="1" type="stmt"/>
        <line num="121" count="20" type="stmt"/>
        <line num="122" count="20" type="stmt"/>
        <line num="136" count="20" type="stmt"/>
        <line num="158" count="1" type="stmt"/>
        <line num="161" count="16" type="stmt"/>
        <line num="162" count="26" type="stmt"/>
        <line num="180" count="16" type="stmt"/>
        <line num="196" count="20" type="stmt"/>
        <line num="197" count="40" type="stmt"/>
        <line num="198" count="20" type="cond" truecount="2" falsecount="0"/>
        <line num="199" count="20" type="cond" truecount="2" falsecount="0"/>
        <line num="200" count="20" type="stmt"/>
        <line num="207" count="1" type="stmt"/>
        <line num="209" count="1" type="stmt"/>
        <line num="216" count="1" type="stmt"/>
        <line num="223" count="1" type="stmt"/>
        <line num="230" count="1" type="stmt"/>
        <line num="236" count="1" type="stmt"/>
        <line num="239" count="1" type="stmt"/>
        <line num="245" count="1" type="cond" truecount="1" falsecount="1"/>
      </file>
    </package>
    <package name="lib">
      <metrics statements="1" coveredstatements="1" conditionals="0" coveredconditionals="0" methods="1" coveredmethods="1"/>
      <file name="utils.ts" path="/skills/services/frontend/src/lib/utils.ts">
        <metrics statements="1" coveredstatements="1" conditionals="0" coveredconditionals="0" methods="1" coveredmethods="1"/>
        <line num="5" count="625" type="stmt"/>
      </file>
    </package>
  </project>
</coverage>
