{"/skills/services/frontend/src/components/feature/package-search/package-search-input.tsx": {"path":"/skills/services/frontend/src/components/feature/package-search/package-search-input.tsx","statementMap":{"0":{"start":{"line":38,"column":31},"end":{"line":172,"column":2}},"1":{"start":{"line":39,"column":21},"end":{"line":42,"column":null}},"2":{"start":{"line":40,"column":2},"end":{"line":40,"column":null}},"3":{"start":{"line":41,"column":2},"end":{"line":41,"column":null}},"4":{"start":{"line":44,"column":1},"end":{"line":166,"column":null}},"5":{"start":{"line":44,"column":1},"end":{"line":44,"column":null}},"6":{"start":{"line":44,"column":1},"end":{"line":101,"column":null}},"7":{"start":{"line":46,"column":13},"end":{"line":46,"column":32}},"8":{"start":{"line":46,"column":32},"end":{"line":101,"column":null}},"9":{"start":{"line":47,"column":14},"end":{"line":47,"column":27}},"10":{"start":{"line":47,"column":27},"end":{"line":48,"column":null}},"11":{"start":{"line":48,"column":20},"end":{"line":48,"column":33}},"12":{"start":{"line":48,"column":33},"end":{"line":48,"column":null}},"13":{"start":{"line":48,"column":33},"end":{"line":73,"column":null}},"14":{"start":{"line":71,"column":11},"end":{"line":71,"column":24}},"15":{"start":{"line":72,"column":22},"end":{"line":72,"column":64}},"16":{"start":{"line":73,"column":17},"end":{"line":73,"column":60}},"17":{"start":{"line":73,"column":60},"end":{"line":78,"column":null}},"18":{"start":{"line":78,"column":16},"end":{"line":78,"column":33}},"19":{"start":{"line":78,"column":33},"end":{"line":78,"column":null}},"20":{"start":{"line":78,"column":33},"end":{"line":101,"column":null}},"21":{"start":{"line":98,"column":16},"end":{"line":98,"column":29}},"22":{"start":{"line":98,"column":29},"end":{"line":98,"column":null}},"23":{"start":{"line":98,"column":29},"end":{"line":101,"column":28}},"24":{"start":{"line":101,"column":28},"end":{"line":101,"column":null}},"25":{"start":{"line":101,"column":28},"end":{"line":155,"column":null}},"26":{"start":{"line":128,"column":13},"end":{"line":128,"column":54}},"27":{"start":{"line":128,"column":15},"end":{"line":128,"column":26}},"28":{"start":{"line":128,"column":54},"end":{"line":128,"column":null}},"29":{"start":{"line":128,"column":54},"end":{"line":155,"column":null}},"30":{"start":{"line":130,"column":14},"end":{"line":130,"column":29}},"31":{"start":{"line":131,"column":8},"end":{"line":150,"column":null}},"32":{"start":{"line":131,"column":11},"end":{"line":131,"column":null}},"33":{"start":{"line":131,"column":11},"end":{"line":134,"column":51}},"34":{"start":{"line":134,"column":23},"end":{"line":134,"column":51}},"35":{"start":{"line":134,"column":51},"end":{"line":140,"column":null}},"36":{"start":{"line":140,"column":12},"end":{"line":140,"column":20}},"37":{"start":{"line":140,"column":20},"end":{"line":144,"column":null}},"38":{"start":{"line":142,"column":20},"end":{"line":142,"column":37}},"39":{"start":{"line":142,"column":37},"end":{"line":142,"column":null}},"40":{"start":{"line":142,"column":37},"end":{"line":144,"column":null}},"41":{"start":{"line":144,"column":13},"end":{"line":144,"column":28}},"42":{"start":{"line":144,"column":28},"end":{"line":144,"column":null}},"43":{"start":{"line":144,"column":28},"end":{"line":150,"column":null}},"44":{"start":{"line":150,"column":12},"end":{"line":150,"column":24}},"45":{"start":{"line":150,"column":24},"end":{"line":150,"column":null}},"46":{"start":{"line":155,"column":7},"end":{"line":155,"column":null}},"47":{"start":{"line":155,"column":7},"end":{"line":166,"column":null}},"48":{"start":{"line":162,"column":8},"end":{"line":162,"column":71}},"49":{"start":{"line":162,"column":10},"end":{"line":162,"column":51}},"50":{"start":{"line":162,"column":71},"end":{"line":162,"column":null}},"51":{"start":{"line":162,"column":71},"end":{"line":166,"column":null}},"52":{"start":{"line":166,"column":30},"end":{"line":166,"column":41}},"53":{"start":{"line":166,"column":41},"end":{"line":166,"column":null}},"54":{"start":{"line":172,"column":2},"end":{"line":172,"column":null}}},"fnMap":{"0":{"name":"(anonymous_0)","decl":{"start":{"line":38,"column":34},"end":{"line":38,"column":35}},"loc":{"start":{"line":38,"column":70},"end":{"line":172,"column":1}},"line":38},"1":{"name":"(anonymous_1)","decl":{"start":{"line":39,"column":21},"end":{"line":39,"column":27}},"loc":{"start":{"line":39,"column":27},"end":{"line":42,"column":null}},"line":39},"2":{"name":"(anonymous_2)","decl":{"start":{"line":44,"column":1},"end":{"line":44,"column":null}},"loc":{"start":{"line":44,"column":1},"end":{"line":166,"column":null}},"line":44},"3":{"name":"(anonymous_3)","decl":{"start":{"line":46,"column":13},"end":{"line":46,"column":21}},"loc":{"start":{"line":46,"column":13},"end":{"line":46,"column":null}},"line":46},"4":{"name":"(anonymous_4)","decl":{"start":{"line":46,"column":32},"end":{"line":46,"column":null}},"loc":{"start":{"line":46,"column":32},"end":{"line":101,"column":null}},"line":46},"5":{"name":"(anonymous_5)","decl":{"start":{"line":47,"column":10},"end":{"line":47,"column":14}},"loc":{"start":{"line":47,"column":14},"end":{"line":47,"column":null}},"line":47},"6":{"name":"(anonymous_6)","decl":{"start":{"line":47,"column":27},"end":{"line":47,"column":null}},"loc":{"start":{"line":47,"column":27},"end":{"line":48,"column":null}},"line":47},"7":{"name":"(anonymous_7)","decl":{"start":{"line":48,"column":20},"end":{"line":48,"column":22}},"loc":{"start":{"line":48,"column":20},"end":{"line":48,"column":null}},"line":48},"8":{"name":"(anonymous_8)","decl":{"start":{"line":48,"column":33},"end":{"line":48,"column":null}},"loc":{"start":{"line":48,"column":33},"end":{"line":101,"column":null}},"line":48},"9":{"name":"(anonymous_9)","decl":{"start":{"line":71,"column":6},"end":{"line":71,"column":11}},"loc":{"start":{"line":71,"column":11},"end":{"line":71,"column":null}},"line":71},"10":{"name":"(anonymous_10)","decl":{"start":{"line":72,"column":16},"end":{"line":72,"column":22}},"loc":{"start":{"line":72,"column":22},"end":{"line":72,"column":64}},"line":72},"11":{"name":"(anonymous_11)","decl":{"start":{"line":73,"column":6},"end":{"line":73,"column":17}},"loc":{"start":{"line":73,"column":17},"end":{"line":73,"column":null}},"line":73},"12":{"name":"(anonymous_12)","decl":{"start":{"line":78,"column":12},"end":{"line":78,"column":16}},"loc":{"start":{"line":78,"column":16},"end":{"line":78,"column":null}},"line":78},"13":{"name":"(anonymous_13)","decl":{"start":{"line":78,"column":33},"end":{"line":78,"column":null}},"loc":{"start":{"line":78,"column":33},"end":{"line":78,"column":null}},"line":78},"14":{"name":"(anonymous_14)","decl":{"start":{"line":98,"column":12},"end":{"line":98,"column":16}},"loc":{"start":{"line":98,"column":16},"end":{"line":98,"column":null}},"line":98},"15":{"name":"(anonymous_15)","decl":{"start":{"line":98,"column":29},"end":{"line":98,"column":null}},"loc":{"start":{"line":98,"column":29},"end":{"line":101,"column":null}},"line":98},"16":{"name":"(anonymous_16)","decl":{"start":{"line":128,"column":9},"end":{"line":128,"column":13}},"loc":{"start":{"line":128,"column":13},"end":{"line":128,"column":null}},"line":128},"17":{"name":"(anonymous_17)","decl":{"start":{"line":128,"column":15},"end":{"line":128,"column":21}},"loc":{"start":{"line":128,"column":15},"end":{"line":128,"column":26}},"line":128},"18":{"name":"(anonymous_18)","decl":{"start":{"line":128,"column":54},"end":{"line":128,"column":null}},"loc":{"start":{"line":128,"column":54},"end":{"line":155,"column":null}},"line":128},"19":{"name":"(anonymous_19)","decl":{"start":{"line":130,"column":10},"end":{"line":130,"column":14}},"loc":{"start":{"line":130,"column":14},"end":{"line":130,"column":null}},"line":130},"20":{"name":"(anonymous_20)","decl":{"start":{"line":131,"column":8},"end":{"line":131,"column":11}},"loc":{"start":{"line":131,"column":8},"end":{"line":150,"column":null}},"line":131},"21":{"name":"(anonymous_21)","decl":{"start":{"line":131,"column":11},"end":{"line":131,"column":null}},"loc":{"start":{"line":131,"column":11},"end":{"line":150,"column":null}},"line":131},"22":{"name":"(anonymous_22)","decl":{"start":{"line":134,"column":17},"end":{"line":134,"column":23}},"loc":{"start":{"line":134,"column":23},"end":{"line":134,"column":51}},"line":134},"23":{"name":"(anonymous_23)","decl":{"start":{"line":134,"column":51},"end":{"line":134,"column":null}},"loc":{"start":{"line":140,"column":12},"end":{"line":140,"column":20}},"line":140},"24":{"name":"(anonymous_24)","decl":{"start":{"line":142,"column":16},"end":{"line":142,"column":20}},"loc":{"start":{"line":142,"column":20},"end":{"line":142,"column":null}},"line":142},"25":{"name":"(anonymous_25)","decl":{"start":{"line":142,"column":37},"end":{"line":142,"column":null}},"loc":{"start":{"line":142,"column":37},"end":{"line":144,"column":null}},"line":142},"26":{"name":"(anonymous_26)","decl":{"start":{"line":144,"column":28},"end":{"line":144,"column":null}},"loc":{"start":{"line":150,"column":12},"end":{"line":150,"column":24}},"line":150},"27":{"name":"(anonymous_27)","decl":{"start":{"line":162,"column":4},"end":{"line":162,"column":8}},"loc":{"start":{"line":162,"column":8},"end":{"line":162,"column":null}},"line":162},"28":{"name":"(anonymous_28)","decl":{"start":{"line":162,"column":10},"end":{"line":162,"column":16}},"loc":{"start":{"line":162,"column":10},"end":{"line":162,"column":51}},"line":162},"29":{"name":"(anonymous_29)","decl":{"start":{"line":162,"column":71},"end":{"line":162,"column":null}},"loc":{"start":{"line":162,"column":71},"end":{"line":166,"column":null}},"line":162}},"branchMap":{"0":{"loc":{"start":{"line":73,"column":19},"end":{"line":73,"column":60}},"type":"binary-expr","locations":[{"start":{"line":73,"column":19},"end":{"line":73,"column":40}},{"start":{"line":73,"column":40},"end":{"line":73,"column":60}}],"line":73},"1":{"loc":{"start":{"line":128,"column":15},"end":{"line":128,"column":54}},"type":"binary-expr","locations":[{"start":{"line":128,"column":15},"end":{"line":128,"column":30}},{"start":{"line":128,"column":30},"end":{"line":128,"column":54}}],"line":128},"2":{"loc":{"start":{"line":162,"column":10},"end":{"line":162,"column":71}},"type":"binary-expr","locations":[{"start":{"line":162,"column":10},"end":{"line":162,"column":55}},{"start":{"line":162,"column":55},"end":{"line":162,"column":71}}],"line":162},"3":{"loc":{"start":{"line":162,"column":10},"end":{"line":162,"column":51}},"type":"binary-expr","locations":[{"start":{"line":162,"column":10},"end":{"line":162,"column":25}},{"start":{"line":162,"column":25},"end":{"line":162,"column":51}}],"line":162},"4":{"loc":{"start":{"line":172,"column":2},"end":{"line":172,"column":null}},"type":"if","locations":[{"start":{"line":172,"column":2},"end":{"line":172,"column":null}},{"start":{},"end":{}}],"line":172}},"s":{"0":1,"1":12,"2":1,"3":1,"4":12,"5":12,"6":12,"7":12,"8":12,"9":12,"10":10,"11":10,"12":12,"13":12,"14":28,"15":5,"16":28,"17":12,"18":15,"19":2,"20":12,"21":18,"22":3,"23":3,"24":12,"25":12,"26":18,"27":19,"28":1,"29":1,"30":5,"31":2,"32":2,"33":2,"34":1,"35":2,"36":2,"37":2,"38":2,"39":2,"40":2,"41":2,"42":2,"43":2,"44":2,"45":2,"46":1,"47":12,"48":12,"49":18,"50":2,"51":2,"52":2,"53":12,"54":1},"f":{"0":12,"1":1,"2":12,"3":12,"4":12,"5":12,"6":10,"7":10,"8":12,"9":28,"10":5,"11":28,"12":15,"13":2,"14":18,"15":3,"16":18,"17":19,"18":1,"19":5,"20":2,"21":2,"22":1,"23":2,"24":2,"25":4,"26":2,"27":12,"28":18,"29":4},"b":{"0":[28,0],"1":[18,7],"2":[12,2],"3":[18,7],"4":[1,0]},"meta":{"lastBranch":5,"lastFunction":30,"lastStatement":55,"seen":{"s:38:31:172:2":0,"f:38:34:38:35":0,"s:39:21:42:Infinity":1,"f:39:21:39:27":1,"s:40:2:40:Infinity":2,"s:41:2:41:Infinity":3,"s:44:1:166:Infinity":4,"f:44:1:44:Infinity":2,"s:44:1:44:Infinity":5,"s:44:1:101:Infinity":6,"f:46:13:46:21":3,"s:46:13:46:32":7,"f:46:32:46:Infinity":4,"s:46:32:101:Infinity":8,"f:47:10:47:14":5,"s:47:14:47:27":9,"f:47:27:47:Infinity":6,"s:47:27:48:Infinity":10,"f:48:20:48:22":7,"s:48:20:48:33":11,"f:48:33:48:Infinity":8,"s:48:33:48:Infinity":12,"s:48:33:73:Infinity":13,"f:71:6:71:11":9,"s:71:11:71:24":14,"f:72:16:72:22":10,"s:72:22:72:64":15,"f:73:6:73:17":11,"s:73:17:73:60":16,"b:73:19:73:40:73:40:73:60":0,"s:73:60:78:Infinity":17,"f:78:12:78:16":12,"s:78:16:78:33":18,"f:78:33:78:Infinity":13,"s:78:33:78:Infinity":19,"s:78:33:101:Infinity":20,"f:98:12:98:16":14,"s:98:16:98:29":21,"f:98:29:98:Infinity":15,"s:98:29:98:Infinity":22,"s:98:29:101:28":23,"s:101:28:101:Infinity":24,"s:101:28:155:Infinity":25,"f:128:9:128:13":16,"s:128:13:128:54":26,"b:128:15:128:30:128:30:128:54":1,"f:128:15:128:21":17,"s:128:15:128:26":27,"f:128:54:128:Infinity":18,"s:128:54:128:Infinity":28,"s:128:54:155:Infinity":29,"f:130:10:130:14":19,"s:130:14:130:29":30,"f:131:8:131:11":20,"s:131:8:150:Infinity":31,"f:131:11:131:Infinity":21,"s:131:11:131:Infinity":32,"s:131:11:134:51":33,"f:134:17:134:23":22,"s:134:23:134:51":34,"s:134:51:140:Infinity":35,"f:134:51:134:Infinity":23,"s:140:12:140:20":36,"s:140:20:144:Infinity":37,"f:142:16:142:20":24,"s:142:20:142:37":38,"f:142:37:142:Infinity":25,"s:142:37:142:Infinity":39,"s:142:37:144:Infinity":40,"s:144:13:144:28":41,"s:144:28:144:Infinity":42,"s:144:28:150:Infinity":43,"f:144:28:144:Infinity":26,"s:150:12:150:24":44,"s:150:24:150:Infinity":45,"s:155:7:155:Infinity":46,"s:155:7:166:Infinity":47,"f:162:4:162:8":27,"s:162:8:162:71":48,"b:162:10:162:55:162:55:162:71":2,"f:162:10:162:16":28,"s:162:10:162:51":49,"b:162:10:162:25:162:25:162:51":3,"f:162:71:162:Infinity":29,"s:162:71:162:Infinity":50,"s:162:71:166:Infinity":51,"s:166:30:166:41":52,"s:166:41:166:Infinity":53,"b:172:2:172:Infinity:undefined:undefined:undefined:undefined":4,"s:172:2:172:Infinity":54}}}
,"/skills/services/frontend/src/components/primitives/container/container.tsx": {"path":"/skills/services/frontend/src/components/primitives/container/container.tsx","statementMap":{"0":{"start":{"line":5,"column":26},"end":{"line":18,"column":null}},"1":{"start":{"line":26,"column":22},"end":{"line":37,"column":2}},"2":{"start":{"line":27,"column":25},"end":{"line":27,"column":null}},"3":{"start":{"line":29,"column":1},"end":{"line":34,"column":null}},"4":{"start":{"line":29,"column":1},"end":{"line":29,"column":null}},"5":{"start":{"line":29,"column":1},"end":{"line":32,"column":null}},"6":{"start":{"line":29,"column":1},"end":{"line":31,"column":66}},"7":{"start":{"line":32,"column":52},"end":{"line":34,"column":null}},"8":{"start":{"line":34,"column":4},"end":{"line":34,"column":18}},"9":{"start":{"line":34,"column":18},"end":{"line":34,"column":null}},"10":{"start":{"line":37,"column":2},"end":{"line":37,"column":null}}},"fnMap":{"0":{"name":"(anonymous_0)","decl":{"start":{"line":26,"column":25},"end":{"line":26,"column":26}},"loc":{"start":{"line":26,"column":52},"end":{"line":37,"column":1}},"line":26},"1":{"name":"(anonymous_1)","decl":{"start":{"line":29,"column":1},"end":{"line":29,"column":null}},"loc":{"start":{"line":29,"column":1},"end":{"line":34,"column":null}},"line":29},"2":{"name":"(anonymous_2)","decl":{"start":{"line":32,"column":52},"end":{"line":32,"column":null}},"loc":{"start":{"line":34,"column":4},"end":{"line":34,"column":18}},"line":34}},"branchMap":{"0":{"loc":{"start":{"line":37,"column":2},"end":{"line":37,"column":null}},"type":"if","locations":[{"start":{"line":37,"column":2},"end":{"line":37,"column":null}},{"start":{},"end":{}}],"line":37}},"s":{"0":1,"1":1,"2":20,"3":20,"4":20,"5":20,"6":20,"7":20,"8":20,"9":20,"10":1},"f":{"0":20,"1":40,"2":20},"b":{"0":[1,0]},"meta":{"lastBranch":1,"lastFunction":3,"lastStatement":11,"seen":{"s:5:26:18:Infinity":0,"s:26:22:37:2":1,"f:26:25:26:26":0,"s:27:25:27:Infinity":2,"s:29:1:34:Infinity":3,"f:29:1:29:Infinity":1,"s:29:1:29:Infinity":4,"s:29:1:32:Infinity":5,"s:29:1:31:66":6,"s:32:52:34:Infinity":7,"f:32:52:32:Infinity":2,"s:34:4:34:18":8,"s:34:18:34:Infinity":9,"b:37:2:37:Infinity:undefined:undefined:undefined:undefined":0,"s:37:2:37:Infinity":10}}}
,"/skills/services/frontend/src/components/primitives/flex/flex.tsx": {"path":"/skills/services/frontend/src/components/primitives/flex/flex.tsx","statementMap":{"0":{"start":{"line":5,"column":21},"end":{"line":49,"column":null}},"1":{"start":{"line":57,"column":17},"end":{"line":85,"column":2}},"2":{"start":{"line":58,"column":25},"end":{"line":66,"column":null}},"3":{"start":{"line":68,"column":1},"end":{"line":82,"column":null}},"4":{"start":{"line":68,"column":1},"end":{"line":68,"column":null}},"5":{"start":{"line":68,"column":1},"end":{"line":80,"column":null}},"6":{"start":{"line":68,"column":1},"end":{"line":79,"column":4}},"7":{"start":{"line":80,"column":52},"end":{"line":82,"column":null}},"8":{"start":{"line":82,"column":4},"end":{"line":82,"column":18}},"9":{"start":{"line":82,"column":18},"end":{"line":82,"column":null}},"10":{"start":{"line":85,"column":2},"end":{"line":85,"column":null}}},"fnMap":{"0":{"name":"(anonymous_0)","decl":{"start":{"line":57,"column":20},"end":{"line":57,"column":21}},"loc":{"start":{"line":57,"column":42},"end":{"line":85,"column":1}},"line":57},"1":{"name":"(anonymous_1)","decl":{"start":{"line":68,"column":1},"end":{"line":68,"column":null}},"loc":{"start":{"line":68,"column":1},"end":{"line":82,"column":null}},"line":68},"2":{"name":"(anonymous_2)","decl":{"start":{"line":80,"column":52},"end":{"line":80,"column":null}},"loc":{"start":{"line":82,"column":4},"end":{"line":82,"column":18}},"line":82}},"branchMap":{"0":{"loc":{"start":{"line":85,"column":2},"end":{"line":85,"column":null}},"type":"if","locations":[{"start":{"line":85,"column":2},"end":{"line":85,"column":null}},{"start":{},"end":{}}],"line":85}},"s":{"0":1,"1":1,"2":28,"3":28,"4":28,"5":28,"6":28,"7":28,"8":28,"9":28,"10":1},"f":{"0":28,"1":56,"2":28},"b":{"0":[1,0]},"meta":{"lastBranch":1,"lastFunction":3,"lastStatement":11,"seen":{"s:5:21:49:Infinity":0,"s:57:17:85:2":1,"f:57:20:57:21":0,"s:58:25:66:Infinity":2,"s:68:1:82:Infinity":3,"f:68:1:68:Infinity":1,"s:68:1:68:Infinity":4,"s:68:1:80:Infinity":5,"s:68:1:79:4":6,"s:80:52:82:Infinity":7,"f:80:52:80:Infinity":2,"s:82:4:82:18":8,"s:82:18:82:Infinity":9,"b:85:2:85:Infinity:undefined:undefined:undefined:undefined":0,"s:85:2:85:Infinity":10}}}
,"/skills/services/frontend/src/components/primitives/heading/heading.tsx": {"path":"/skills/services/frontend/src/components/primitives/heading/heading.tsx","statementMap":{"0":{"start":{"line":6,"column":24},"end":{"line":26,"column":null}},"1":{"start":{"line":35,"column":20},"end":{"line":61,"column":2}},"2":{"start":{"line":36,"column":25},"end":{"line":42,"column":null}},"3":{"start":{"line":44,"column":17},"end":{"line":44,"column":null}},"4":{"start":{"line":46,"column":1},"end":{"line":58,"column":null}},"5":{"start":{"line":48,"column":21},"end":{"line":55,"column":4}},"6":{"start":{"line":56,"column":56},"end":{"line":58,"column":18}},"7":{"start":{"line":61,"column":2},"end":{"line":61,"column":null}}},"fnMap":{"0":{"name":"(anonymous_0)","decl":{"start":{"line":35,"column":23},"end":{"line":35,"column":24}},"loc":{"start":{"line":35,"column":48},"end":{"line":61,"column":1}},"line":35},"1":{"name":"(anonymous_1)","decl":{"start":{"line":48,"column":21},"end":{"line":48,"column":null}},"loc":{"start":{"line":48,"column":21},"end":{"line":55,"column":null}},"line":48},"2":{"name":"(anonymous_2)","decl":{"start":{"line":56,"column":56},"end":{"line":56,"column":null}},"loc":{"start":{"line":56,"column":56},"end":{"line":58,"column":null}},"line":56}},"branchMap":{"0":{"loc":{"start":{"line":44,"column":17},"end":{"line":44,"column":null}},"type":"binary-expr","locations":[{"start":{"line":44,"column":17},"end":{"line":44,"column":29}},{"start":{"line":44,"column":29},"end":{"line":44,"column":44}},{"start":{"line":44,"column":44},"end":{"line":44,"column":null}}],"line":44},"1":{"loc":{"start":{"line":51,"column":12},"end":{"line":51,"column":null}},"type":"binary-expr","locations":[{"start":{"line":51,"column":12},"end":{"line":51,"column":27}},{"start":{"line":51,"column":27},"end":{"line":51,"column":39}},{"start":{"line":51,"column":39},"end":{"line":51,"column":null}}],"line":51},"2":{"loc":{"start":{"line":61,"column":2},"end":{"line":61,"column":null}},"type":"if","locations":[{"start":{"line":61,"column":2},"end":{"line":61,"column":null}},{"start":{},"end":{}}],"line":61}},"s":{"0":1,"1":1,"2":38,"3":38,"4":38,"5":38,"6":38,"7":1},"f":{"0":38,"1":38,"2":38},"b":{"0":[38,32,0],"1":[38,0,0],"2":[1,0]},"meta":{"lastBranch":3,"lastFunction":3,"lastStatement":8,"seen":{"s:6:24:26:Infinity":0,"s:35:20:61:2":1,"f:35:23:35:24":0,"s:36:25:42:Infinity":2,"s:44:17:44:Infinity":3,"b:44:17:44:29:44:29:44:44:44:44:44:Infinity":0,"s:46:1:58:Infinity":4,"f:48:21:48:Infinity":1,"s:48:21:55:4":5,"b:51:12:51:27:51:27:51:39:51:39:51:Infinity":1,"f:56:56:56:Infinity":2,"s:56:56:58:18":6,"b:61:2:61:Infinity:undefined:undefined:undefined:undefined":2,"s:61:2:61:Infinity":7}}}
,"/skills/services/frontend/src/components/primitives/stack/stack.tsx": {"path":"/skills/services/frontend/src/components/primitives/stack/stack.tsx","statementMap":{"0":{"start":{"line":5,"column":22},"end":{"line":31,"column":null}},"1":{"start":{"line":39,"column":18},"end":{"line":63,"column":2}},"2":{"start":{"line":40,"column":25},"end":{"line":46,"column":null}},"3":{"start":{"line":48,"column":1},"end":{"line":60,"column":null}},"4":{"start":{"line":48,"column":1},"end":{"line":48,"column":null}},"5":{"start":{"line":48,"column":1},"end":{"line":58,"column":null}},"6":{"start":{"line":48,"column":1},"end":{"line":57,"column":4}},"7":{"start":{"line":58,"column":52},"end":{"line":60,"column":null}},"8":{"start":{"line":60,"column":4},"end":{"line":60,"column":18}},"9":{"start":{"line":60,"column":18},"end":{"line":60,"column":null}},"10":{"start":{"line":63,"column":2},"end":{"line":63,"column":null}}},"fnMap":{"0":{"name":"(anonymous_0)","decl":{"start":{"line":39,"column":21},"end":{"line":39,"column":22}},"loc":{"start":{"line":39,"column":44},"end":{"line":63,"column":1}},"line":39},"1":{"name":"(anonymous_1)","decl":{"start":{"line":48,"column":1},"end":{"line":48,"column":null}},"loc":{"start":{"line":48,"column":1},"end":{"line":60,"column":null}},"line":48},"2":{"name":"(anonymous_2)","decl":{"start":{"line":58,"column":52},"end":{"line":58,"column":null}},"loc":{"start":{"line":60,"column":4},"end":{"line":60,"column":18}},"line":60}},"branchMap":{"0":{"loc":{"start":{"line":63,"column":2},"end":{"line":63,"column":null}},"type":"if","locations":[{"start":{"line":63,"column":2},"end":{"line":63,"column":null}},{"start":{},"end":{}}],"line":63}},"s":{"0":1,"1":1,"2":26,"3":26,"4":26,"5":26,"6":26,"7":26,"8":26,"9":26,"10":1},"f":{"0":26,"1":52,"2":26},"b":{"0":[1,0]},"meta":{"lastBranch":1,"lastFunction":3,"lastStatement":11,"seen":{"s:5:22:31:Infinity":0,"s:39:18:63:2":1,"f:39:21:39:22":0,"s:40:25:46:Infinity":2,"s:48:1:60:Infinity":3,"f:48:1:48:Infinity":1,"s:48:1:48:Infinity":4,"s:48:1:58:Infinity":5,"s:48:1:57:4":6,"s:58:52:60:Infinity":7,"f:58:52:58:Infinity":2,"s:60:4:60:18":8,"s:60:18:60:Infinity":9,"b:63:2:63:Infinity:undefined:undefined:undefined:undefined":0,"s:63:2:63:Infinity":10}}}
,"/skills/services/frontend/src/components/primitives/text/text.tsx": {"path":"/skills/services/frontend/src/components/primitives/text/text.tsx","statementMap":{"0":{"start":{"line":6,"column":21},"end":{"line":37,"column":null}},"1":{"start":{"line":46,"column":17},"end":{"line":72,"column":2}},"2":{"start":{"line":47,"column":25},"end":{"line":54,"column":null}},"3":{"start":{"line":56,"column":1},"end":{"line":69,"column":null}},"4":{"start":{"line":58,"column":12},"end":{"line":58,"column":29}},"5":{"start":{"line":58,"column":29},"end":{"line":66,"column":4}},"6":{"start":{"line":67,"column":49},"end":{"line":69,"column":18}},"7":{"start":{"line":72,"column":2},"end":{"line":72,"column":null}}},"fnMap":{"0":{"name":"(anonymous_0)","decl":{"start":{"line":46,"column":20},"end":{"line":46,"column":21}},"loc":{"start":{"line":46,"column":42},"end":{"line":72,"column":1}},"line":46},"1":{"name":"(anonymous_1)","decl":{"start":{"line":58,"column":3},"end":{"line":58,"column":12}},"loc":{"start":{"line":58,"column":12},"end":{"line":58,"column":null}},"line":58},"2":{"name":"(anonymous_2)","decl":{"start":{"line":58,"column":29},"end":{"line":58,"column":null}},"loc":{"start":{"line":58,"column":29},"end":{"line":66,"column":null}},"line":58},"3":{"name":"(anonymous_3)","decl":{"start":{"line":67,"column":49},"end":{"line":67,"column":null}},"loc":{"start":{"line":67,"column":49},"end":{"line":69,"column":null}},"line":67}},"branchMap":{"0":{"loc":{"start":{"line":58,"column":14},"end":{"line":58,"column":29}},"type":"binary-expr","locations":[{"start":{"line":58,"column":14},"end":{"line":58,"column":26}},{"start":{"line":58,"column":26},"end":{"line":58,"column":29}}],"line":58},"1":{"loc":{"start":{"line":72,"column":2},"end":{"line":72,"column":null}},"type":"if","locations":[{"start":{"line":72,"column":2},"end":{"line":72,"column":null}},{"start":{},"end":{}}],"line":72}},"s":{"0":1,"1":1,"2":50,"3":50,"4":50,"5":50,"6":50,"7":1},"f":{"0":50,"1":50,"2":50,"3":50},"b":{"0":[50,44],"1":[1,0]},"meta":{"lastBranch":2,"lastFunction":4,"lastStatement":8,"seen":{"s:6:21:37:Infinity":0,"s:46:17:72:2":1,"f:46:20:46:21":0,"s:47:25:54:Infinity":2,"s:56:1:69:Infinity":3,"f:58:3:58:12":1,"s:58:12:58:29":4,"b:58:14:58:26:58:26:58:29":0,"f:58:29:58:Infinity":2,"s:58:29:66:4":5,"f:67:49:67:Infinity":3,"s:67:49:69:18":6,"b:72:2:72:Infinity:undefined:undefined:undefined:undefined":1,"s:72:2:72:Infinity":7}}}
,"/skills/services/frontend/src/components/ui/badge/badge.tsx": {"path":"/skills/services/frontend/src/components/ui/badge/badge.tsx","statementMap":{"0":{"start":{"line":6,"column":22},"end":{"line":60,"column":null}},"1":{"start":{"line":73,"column":18},"end":{"line":84,"column":2}},"2":{"start":{"line":74,"column":25},"end":{"line":74,"column":null}},"3":{"start":{"line":75,"column":1},"end":{"line":81,"column":null}},"4":{"start":{"line":75,"column":1},"end":{"line":75,"column":null}},"5":{"start":{"line":75,"column":1},"end":{"line":80,"column":4}},"6":{"start":{"line":81,"column":53},"end":{"line":81,"column":null}},"7":{"start":{"line":84,"column":2},"end":{"line":84,"column":null}}},"fnMap":{"0":{"name":"(anonymous_0)","decl":{"start":{"line":73,"column":21},"end":{"line":73,"column":22}},"loc":{"start":{"line":73,"column":44},"end":{"line":84,"column":1}},"line":73},"1":{"name":"(anonymous_1)","decl":{"start":{"line":75,"column":1},"end":{"line":75,"column":null}},"loc":{"start":{"line":75,"column":1},"end":{"line":81,"column":null}},"line":75}},"branchMap":{"0":{"loc":{"start":{"line":84,"column":2},"end":{"line":84,"column":null}},"type":"if","locations":[{"start":{"line":84,"column":2},"end":{"line":84,"column":null}},{"start":{},"end":{}}],"line":84}},"s":{"0":1,"1":1,"2":32,"3":32,"4":32,"5":32,"6":32,"7":1},"f":{"0":32,"1":64},"b":{"0":[1,0]},"meta":{"lastBranch":1,"lastFunction":2,"lastStatement":8,"seen":{"s:6:22:60:Infinity":0,"s:73:18:84:2":1,"f:73:21:73:22":0,"s:74:25:74:Infinity":2,"s:75:1:81:Infinity":3,"f:75:1:75:Infinity":1,"s:75:1:75:Infinity":4,"s:75:1:80:4":5,"s:81:53:81:Infinity":6,"b:84:2:84:Infinity:undefined:undefined:undefined:undefined":0,"s:84:2:84:Infinity":7}}}
,"/skills/services/frontend/src/components/ui/button/button.tsx": {"path":"/skills/services/frontend/src/components/ui/button/button.tsx","statementMap":{"0":{"start":{"line":9,"column":23},"end":{"line":132,"column":null}},"1":{"start":{"line":138,"column":19},"end":{"line":150,"column":2}},"2":{"start":{"line":139,"column":25},"end":{"line":139,"column":null}},"3":{"start":{"line":141,"column":1},"end":{"line":147,"column":null}},"4":{"start":{"line":142,"column":18},"end":{"line":146,"column":4}},"5":{"start":{"line":150,"column":2},"end":{"line":150,"column":null}}},"fnMap":{"0":{"name":"(anonymous_0)","decl":{"start":{"line":138,"column":22},"end":{"line":138,"column":23}},"loc":{"start":{"line":138,"column":46},"end":{"line":150,"column":1}},"line":138},"1":{"name":"(anonymous_1)","decl":{"start":{"line":142,"column":18},"end":{"line":142,"column":null}},"loc":{"start":{"line":142,"column":18},"end":{"line":146,"column":null}},"line":142}},"branchMap":{"0":{"loc":{"start":{"line":150,"column":2},"end":{"line":150,"column":null}},"type":"if","locations":[{"start":{"line":150,"column":2},"end":{"line":150,"column":null}},{"start":{},"end":{}}],"line":150}},"s":{"0":1,"1":1,"2":54,"3":54,"4":54,"5":1},"f":{"0":54,"1":54},"b":{"0":[1,0]},"meta":{"lastBranch":1,"lastFunction":2,"lastStatement":6,"seen":{"s:9:23:132:Infinity":0,"s:138:19:150:2":1,"f:138:22:138:23":0,"s:139:25:139:Infinity":2,"s:141:1:147:Infinity":3,"f:142:18:142:Infinity":1,"s:142:18:146:4":4,"b:150:2:150:Infinity:undefined:undefined:undefined:undefined":0,"s:150:2:150:Infinity":5}}}
,"/skills/services/frontend/src/components/ui/card/card.tsx": {"path":"/skills/services/frontend/src/components/ui/card/card.tsx","statementMap":{"0":{"start":{"line":5,"column":21},"end":{"line":27,"column":null}},"1":{"start":{"line":35,"column":17},"end":{"line":46,"column":2}},"2":{"start":{"line":36,"column":25},"end":{"line":36,"column":null}},"3":{"start":{"line":38,"column":1},"end":{"line":43,"column":null}},"4":{"start":{"line":38,"column":1},"end":{"line":38,"column":null}},"5":{"start":{"line":38,"column":1},"end":{"line":41,"column":null}},"6":{"start":{"line":38,"column":1},"end":{"line":40,"column":67}},"7":{"start":{"line":41,"column":52},"end":{"line":43,"column":null}},"8":{"start":{"line":43,"column":4},"end":{"line":43,"column":18}},"9":{"start":{"line":43,"column":18},"end":{"line":43,"column":null}},"10":{"start":{"line":46,"column":2},"end":{"line":46,"column":null}}},"fnMap":{"0":{"name":"(anonymous_0)","decl":{"start":{"line":35,"column":20},"end":{"line":35,"column":21}},"loc":{"start":{"line":35,"column":42},"end":{"line":46,"column":1}},"line":35},"1":{"name":"(anonymous_1)","decl":{"start":{"line":38,"column":1},"end":{"line":38,"column":null}},"loc":{"start":{"line":38,"column":1},"end":{"line":43,"column":null}},"line":38},"2":{"name":"(anonymous_2)","decl":{"start":{"line":41,"column":52},"end":{"line":41,"column":null}},"loc":{"start":{"line":43,"column":4},"end":{"line":43,"column":18}},"line":43}},"branchMap":{"0":{"loc":{"start":{"line":46,"column":2},"end":{"line":46,"column":null}},"type":"if","locations":[{"start":{"line":46,"column":2},"end":{"line":46,"column":null}},{"start":{},"end":{}}],"line":46}},"s":{"0":1,"1":1,"2":28,"3":28,"4":28,"5":28,"6":28,"7":28,"8":28,"9":28,"10":1},"f":{"0":28,"1":56,"2":28},"b":{"0":[1,0]},"meta":{"lastBranch":1,"lastFunction":3,"lastStatement":11,"seen":{"s:5:21:27:Infinity":0,"s:35:17:46:2":1,"f:35:20:35:21":0,"s:36:25:36:Infinity":2,"s:38:1:43:Infinity":3,"f:38:1:38:Infinity":1,"s:38:1:38:Infinity":4,"s:38:1:41:Infinity":5,"s:38:1:40:67":6,"s:41:52:43:Infinity":7,"f:41:52:41:Infinity":2,"s:43:4:43:18":8,"s:43:18:43:Infinity":9,"b:46:2:46:Infinity:undefined:undefined:undefined:undefined":0,"s:46:2:46:Infinity":10}}}
,"/skills/services/frontend/src/components/ui/label/label.tsx": {"path":"/skills/services/frontend/src/components/ui/label/label.tsx","statementMap":{"0":{"start":{"line":6,"column":47},"end":{"line":17,"column":null}},"1":{"start":{"line":7,"column":25},"end":{"line":7,"column":null}},"2":{"start":{"line":8,"column":1},"end":{"line":14,"column":null}},"3":{"start":{"line":8,"column":1},"end":{"line":8,"column":null}},"4":{"start":{"line":8,"column":1},"end":{"line":13,"column":4}},"5":{"start":{"line":14,"column":13},"end":{"line":14,"column":null}},"6":{"start":{"line":19,"column":17},"end":{"line":19,"column":null}}},"fnMap":{"0":{"name":"(anonymous_0)","decl":{"start":{"line":6,"column":51},"end":{"line":6,"column":61}},"loc":{"start":{"line":6,"column":61},"end":{"line":17,"column":1}},"line":6},"1":{"name":"(anonymous_1)","decl":{"start":{"line":8,"column":1},"end":{"line":8,"column":null}},"loc":{"start":{"line":8,"column":1},"end":{"line":14,"column":null}},"line":8}},"branchMap":{"0":{"loc":{"start":{"line":19,"column":17},"end":{"line":19,"column":null}},"type":"if","locations":[{"start":{"line":19,"column":17},"end":{"line":19,"column":null}},{"start":{},"end":{}}],"line":19}},"s":{"0":1,"1":8,"2":8,"3":8,"4":8,"5":8,"6":1},"f":{"0":8,"1":16},"b":{"0":[1,0]},"meta":{"lastBranch":1,"lastFunction":2,"lastStatement":7,"seen":{"s:6:47:17:Infinity":0,"f:6:51:6:61":0,"s:7:25:7:Infinity":1,"s:8:1:14:Infinity":2,"f:8:1:8:Infinity":1,"s:8:1:8:Infinity":3,"s:8:1:13:4":4,"s:14:13:14:Infinity":5,"b:19:17:19:Infinity:undefined:undefined:undefined:undefined":0,"s:19:17:19:Infinity":6}}}
,"/skills/services/frontend/src/components/ui/text-field/text-field.tsx": {"path":"/skills/services/frontend/src/components/ui/text-field/text-field.tsx","statementMap":{"0":{"start":{"line":14,"column":15},"end":{"line":24,"column":null}},"1":{"start":{"line":17,"column":25},"end":{"line":17,"column":null}},"2":{"start":{"line":18,"column":1},"end":{"line":21,"column":null}},"3":{"start":{"line":19,"column":26},"end":{"line":20,"column":48}},"4":{"start":{"line":54,"column":20},"end":{"line":75,"column":null}},"5":{"start":{"line":57,"column":15},"end":{"line":60,"column":null}},"6":{"start":{"line":61,"column":25},"end":{"line":64,"column":null}},"7":{"start":{"line":65,"column":1},"end":{"line":72,"column":null}},"8":{"start":{"line":67,"column":7},"end":{"line":67,"column":19}},"9":{"start":{"line":67,"column":19},"end":{"line":71,"column":4}},"10":{"start":{"line":80,"column":23},"end":{"line":95,"column":null}},"11":{"start":{"line":83,"column":25},"end":{"line":85,"column":null}},"12":{"start":{"line":86,"column":1},"end":{"line":92,"column":null}},"13":{"start":{"line":87,"column":30},"end":{"line":91,"column":4}},"14":{"start":{"line":97,"column":22},"end":{"line":112,"column":null}},"15":{"start":{"line":117,"column":20},"end":{"line":127,"column":null}},"16":{"start":{"line":120,"column":25},"end":{"line":120,"column":null}},"17":{"start":{"line":121,"column":1},"end":{"line":124,"column":null}},"18":{"start":{"line":122,"column":27},"end":{"line":123,"column":42}},"19":{"start":{"line":134,"column":26},"end":{"line":146,"column":null}},"20":{"start":{"line":137,"column":25},"end":{"line":139,"column":null}},"21":{"start":{"line":140,"column":1},"end":{"line":143,"column":null}},"22":{"start":{"line":141,"column":33},"end":{"line":142,"column":68}},"23":{"start":{"line":153,"column":27},"end":{"line":165,"column":null}},"24":{"start":{"line":156,"column":25},"end":{"line":158,"column":null}},"25":{"start":{"line":159,"column":1},"end":{"line":162,"column":null}},"26":{"start":{"line":160,"column":34},"end":{"line":161,"column":62}},"27":{"start":{"line":174,"column":2},"end":{"line":174,"column":null}}},"fnMap":{"0":{"name":"(anonymous_0)","decl":{"start":{"line":14,"column":18},"end":{"line":14,"column":null}},"loc":{"start":{"line":16,"column":5},"end":{"line":24,"column":1}},"line":16},"1":{"name":"(anonymous_1)","decl":{"start":{"line":19,"column":26},"end":{"line":19,"column":null}},"loc":{"start":{"line":19,"column":26},"end":{"line":20,"column":null}},"line":19},"2":{"name":"(anonymous_2)","decl":{"start":{"line":54,"column":23},"end":{"line":54,"column":null}},"loc":{"start":{"line":56,"column":5},"end":{"line":75,"column":1}},"line":56},"3":{"name":"(anonymous_3)","decl":{"start":{"line":67,"column":3},"end":{"line":67,"column":7}},"loc":{"start":{"line":67,"column":7},"end":{"line":67,"column":null}},"line":67},"4":{"name":"(anonymous_4)","decl":{"start":{"line":67,"column":19},"end":{"line":67,"column":null}},"loc":{"start":{"line":67,"column":19},"end":{"line":71,"column":null}},"line":67},"5":{"name":"(anonymous_5)","decl":{"start":{"line":80,"column":26},"end":{"line":80,"column":null}},"loc":{"start":{"line":82,"column":5},"end":{"line":95,"column":1}},"line":82},"6":{"name":"(anonymous_6)","decl":{"start":{"line":87,"column":30},"end":{"line":87,"column":null}},"loc":{"start":{"line":87,"column":30},"end":{"line":91,"column":null}},"line":87},"7":{"name":"(anonymous_7)","decl":{"start":{"line":117,"column":23},"end":{"line":117,"column":null}},"loc":{"start":{"line":119,"column":5},"end":{"line":127,"column":1}},"line":119},"8":{"name":"(anonymous_8)","decl":{"start":{"line":122,"column":27},"end":{"line":122,"column":null}},"loc":{"start":{"line":122,"column":27},"end":{"line":123,"column":null}},"line":122},"9":{"name":"(anonymous_9)","decl":{"start":{"line":134,"column":29},"end":{"line":134,"column":null}},"loc":{"start":{"line":136,"column":5},"end":{"line":146,"column":1}},"line":136},"10":{"name":"(anonymous_10)","decl":{"start":{"line":141,"column":33},"end":{"line":141,"column":null}},"loc":{"start":{"line":141,"column":33},"end":{"line":142,"column":null}},"line":141},"11":{"name":"(anonymous_11)","decl":{"start":{"line":153,"column":30},"end":{"line":153,"column":null}},"loc":{"start":{"line":155,"column":5},"end":{"line":165,"column":1}},"line":155},"12":{"name":"(anonymous_12)","decl":{"start":{"line":160,"column":34},"end":{"line":160,"column":null}},"loc":{"start":{"line":160,"column":34},"end":{"line":161,"column":null}},"line":160}},"branchMap":{"0":{"loc":{"start":{"line":174,"column":2},"end":{"line":174,"column":null}},"type":"if","locations":[{"start":{"line":174,"column":2},"end":{"line":174,"column":null}},{"start":{},"end":{}}],"line":174}},"s":{"0":2,"1":34,"2":34,"3":34,"4":2,"5":30,"6":30,"7":30,"8":69,"9":69,"10":2,"11":4,"12":4,"13":8,"14":2,"15":2,"16":32,"17":32,"18":92,"19":2,"20":8,"21":8,"22":8,"23":2,"24":4,"25":4,"26":4,"27":2},"f":{"0":34,"1":34,"2":30,"3":69,"4":69,"5":4,"6":8,"7":32,"8":92,"9":8,"10":8,"11":4,"12":4},"b":{"0":[2,0]},"meta":{"lastBranch":1,"lastFunction":13,"lastStatement":28,"seen":{"s:14:15:24:Infinity":0,"f:14:18:14:Infinity":0,"s:17:25:17:Infinity":1,"s:18:1:21:Infinity":2,"f:19:26:19:Infinity":1,"s:19:26:20:48":3,"s:54:20:75:Infinity":4,"f:54:23:54:Infinity":2,"s:57:15:60:Infinity":5,"s:61:25:64:Infinity":6,"s:65:1:72:Infinity":7,"f:67:3:67:7":3,"s:67:7:67:19":8,"f:67:19:67:Infinity":4,"s:67:19:71:4":9,"s:80:23:95:Infinity":10,"f:80:26:80:Infinity":5,"s:83:25:85:Infinity":11,"s:86:1:92:Infinity":12,"f:87:30:87:Infinity":6,"s:87:30:91:4":13,"s:97:22:112:Infinity":14,"s:117:20:127:Infinity":15,"f:117:23:117:Infinity":7,"s:120:25:120:Infinity":16,"s:121:1:124:Infinity":17,"f:122:27:122:Infinity":8,"s:122:27:123:42":18,"s:134:26:146:Infinity":19,"f:134:29:134:Infinity":9,"s:137:25:139:Infinity":20,"s:140:1:143:Infinity":21,"f:141:33:141:Infinity":10,"s:141:33:142:68":22,"s:153:27:165:Infinity":23,"f:153:30:153:Infinity":11,"s:156:25:158:Infinity":24,"s:159:1:162:Infinity":25,"f:160:34:160:Infinity":12,"s:160:34:161:62":26,"b:174:2:174:Infinity:undefined:undefined:undefined:undefined":0,"s:174:2:174:Infinity":27}}}
,"/skills/services/frontend/src/components/ui/toast/toast.tsx": {"path":"/skills/services/frontend/src/components/ui/toast/toast.tsx","statementMap":{"0":{"start":{"line":10,"column":22},"end":{"line":79,"column":null}},"1":{"start":{"line":89,"column":22},"end":{"line":100,"column":null}},"2":{"start":{"line":90,"column":25},"end":{"line":90,"column":null}},"3":{"start":{"line":92,"column":1},"end":{"line":97,"column":null}},"4":{"start":{"line":93,"column":17},"end":{"line":94,"column":68}},"5":{"start":{"line":95,"column":13},"end":{"line":97,"column":18}},"6":{"start":{"line":102,"column":23},"end":{"line":109,"column":null}},"7":{"start":{"line":103,"column":1},"end":{"line":106,"column":null}},"8":{"start":{"line":104,"column":23},"end":{"line":105,"column":50}},"9":{"start":{"line":111,"column":29},"end":{"line":118,"column":null}},"10":{"start":{"line":112,"column":1},"end":{"line":115,"column":null}},"11":{"start":{"line":113,"column":29},"end":{"line":114,"column":47}},"12":{"start":{"line":120,"column":29},"end":{"line":156,"column":null}},"13":{"start":{"line":121,"column":1},"end":{"line":136,"column":null}},"14":{"start":{"line":122,"column":29},"end":{"line":135,"column":4}},"15":{"start":{"line":136,"column":12},"end":{"line":136,"column":null}},"16":{"start":{"line":158,"column":24},"end":{"line":185,"column":null}},"17":{"start":{"line":161,"column":1},"end":{"line":182,"column":null}},"18":{"start":{"line":162,"column":24},"end":{"line":179,"column":4}},"19":{"start":{"line":180,"column":12},"end":{"line":182,"column":null}},"20":{"start":{"line":196,"column":1},"end":{"line":204,"column":null}},"21":{"start":{"line":196,"column":27},"end":{"line":202,"column":null}},"22":{"start":{"line":197,"column":20},"end":{"line":197,"column":35}},"23":{"start":{"line":197,"column":44},"end":{"line":197,"column":61}},"24":{"start":{"line":197,"column":61},"end":{"line":202,"column":null}},"25":{"start":{"line":198,"column":4},"end":{"line":198,"column":61}},"26":{"start":{"line":198,"column":4},"end":{"line":198,"column":17}},"27":{"start":{"line":198,"column":32},"end":{"line":198,"column":47}},"28":{"start":{"line":199,"column":4},"end":{"line":200,"column":null}},"29":{"start":{"line":199,"column":4},"end":{"line":199,"column":23}},"30":{"start":{"line":200,"column":21},"end":{"line":200,"column":42}},"31":{"start":{"line":207,"column":21},"end":{"line":237,"column":null}},"32":{"start":{"line":209,"column":2},"end":{"line":214,"column":null}},"33":{"start":{"line":216,"column":2},"end":{"line":221,"column":null}},"34":{"start":{"line":223,"column":2},"end":{"line":228,"column":null}},"35":{"start":{"line":230,"column":2},"end":{"line":235,"column":null}},"36":{"start":{"line":236,"column":36},"end":{"line":236,"column":null}},"37":{"start":{"line":239,"column":21},"end":{"line":245,"column":2}},"38":{"start":{"line":245,"column":2},"end":{"line":245,"column":null}}},"fnMap":{"0":{"name":"(anonymous_0)","decl":{"start":{"line":89,"column":25},"end":{"line":89,"column":26}},"loc":{"start":{"line":89,"column":48},"end":{"line":100,"column":1}},"line":89},"1":{"name":"(anonymous_1)","decl":{"start":{"line":93,"column":17},"end":{"line":93,"column":null}},"loc":{"start":{"line":93,"column":17},"end":{"line":94,"column":null}},"line":93},"2":{"name":"(anonymous_2)","decl":{"start":{"line":95,"column":13},"end":{"line":95,"column":null}},"loc":{"start":{"line":95,"column":13},"end":{"line":97,"column":null}},"line":95},"3":{"name":"(anonymous_3)","decl":{"start":{"line":102,"column":26},"end":{"line":102,"column":27}},"loc":{"start":{"line":102,"column":67},"end":{"line":109,"column":1}},"line":102},"4":{"name":"(anonymous_4)","decl":{"start":{"line":104,"column":23},"end":{"line":104,"column":null}},"loc":{"start":{"line":104,"column":23},"end":{"line":105,"column":null}},"line":104},"5":{"name":"(anonymous_5)","decl":{"start":{"line":111,"column":32},"end":{"line":111,"column":33}},"loc":{"start":{"line":111,"column":73},"end":{"line":118,"column":1}},"line":111},"6":{"name":"(anonymous_6)","decl":{"start":{"line":113,"column":29},"end":{"line":113,"column":null}},"loc":{"start":{"line":113,"column":29},"end":{"line":114,"column":null}},"line":113},"7":{"name":"(anonymous_7)","decl":{"start":{"line":120,"column":32},"end":{"line":120,"column":33}},"loc":{"start":{"line":120,"column":76},"end":{"line":156,"column":1}},"line":120},"8":{"name":"(anonymous_8)","decl":{"start":{"line":122,"column":29},"end":{"line":122,"column":null}},"loc":{"start":{"line":122,"column":29},"end":{"line":135,"column":null}},"line":122},"9":{"name":"(anonymous_9)","decl":{"start":{"line":136,"column":12},"end":{"line":136,"column":null}},"loc":{"start":{"line":136,"column":12},"end":{"line":136,"column":null}},"line":136},"10":{"name":"(anonymous_10)","decl":{"start":{"line":158,"column":27},"end":{"line":158,"column":null}},"loc":{"start":{"line":160,"column":5},"end":{"line":185,"column":1}},"line":160},"11":{"name":"(anonymous_11)","decl":{"start":{"line":162,"column":24},"end":{"line":162,"column":null}},"loc":{"start":{"line":162,"column":24},"end":{"line":179,"column":null}},"line":162},"12":{"name":"(anonymous_12)","decl":{"start":{"line":180,"column":12},"end":{"line":180,"column":null}},"loc":{"start":{"line":180,"column":12},"end":{"line":182,"column":null}},"line":180},"13":{"name":"showToast","decl":{"start":{"line":195,"column":9},"end":{"line":195,"column":19}},"loc":{"start":{"line":195,"column":42},"end":{"line":205,"column":null}},"line":195},"14":{"name":"(anonymous_14)","decl":{"start":{"line":196,"column":22},"end":{"line":196,"column":27}},"loc":{"start":{"line":196,"column":27},"end":{"line":202,"column":null}},"line":196},"15":{"name":"(anonymous_15)","decl":{"start":{"line":197,"column":13},"end":{"line":197,"column":20}},"loc":{"start":{"line":197,"column":20},"end":{"line":197,"column":37}},"line":197},"16":{"name":"(anonymous_16)","decl":{"start":{"line":197,"column":37},"end":{"line":197,"column":44}},"loc":{"start":{"line":197,"column":44},"end":{"line":197,"column":null}},"line":197},"17":{"name":"(anonymous_17)","decl":{"start":{"line":197,"column":61},"end":{"line":197,"column":null}},"loc":{"start":{"line":197,"column":61},"end":{"line":202,"column":null}},"line":197},"18":{"name":"(anonymous_18)","decl":{"start":{"line":198,"column":4},"end":{"line":198,"column":12}},"loc":{"start":{"line":198,"column":4},"end":{"line":198,"column":17}},"line":198},"19":{"name":"(anonymous_19)","decl":{"start":{"line":198,"column":32},"end":{"line":198,"column":34}},"loc":{"start":{"line":198,"column":32},"end":{"line":198,"column":61}},"line":198},"20":{"name":"(anonymous_20)","decl":{"start":{"line":198,"column":61},"end":{"line":198,"column":null}},"loc":{"start":{"line":199,"column":4},"end":{"line":200,"column":null}},"line":199},"21":{"name":"(anonymous_21)","decl":{"start":{"line":199,"column":4},"end":{"line":199,"column":12}},"loc":{"start":{"line":199,"column":4},"end":{"line":199,"column":23}},"line":199},"22":{"name":"(anonymous_22)","decl":{"start":{"line":200,"column":21},"end":{"line":200,"column":23}},"loc":{"start":{"line":200,"column":21},"end":{"line":200,"column":null}},"line":200},"23":{"name":"(anonymous_23)","decl":{"start":{"line":208,"column":10},"end":{"line":208,"column":11}},"loc":{"start":{"line":209,"column":2},"end":{"line":214,"column":null}},"line":209},"24":{"name":"(anonymous_24)","decl":{"start":{"line":215,"column":8},"end":{"line":215,"column":9}},"loc":{"start":{"line":216,"column":2},"end":{"line":221,"column":null}},"line":216},"25":{"name":"(anonymous_25)","decl":{"start":{"line":222,"column":7},"end":{"line":222,"column":8}},"loc":{"start":{"line":223,"column":2},"end":{"line":228,"column":null}},"line":223},"26":{"name":"(anonymous_26)","decl":{"start":{"line":229,"column":10},"end":{"line":229,"column":11}},"loc":{"start":{"line":230,"column":2},"end":{"line":235,"column":null}},"line":230},"27":{"name":"(anonymous_27)","decl":{"start":{"line":236,"column":9},"end":{"line":236,"column":10}},"loc":{"start":{"line":236,"column":36},"end":{"line":236,"column":null}},"line":236}},"branchMap":{"0":{"loc":{"start":{"line":198,"column":4},"end":{"line":198,"column":61}},"type":"binary-expr","locations":[{"start":{"line":198,"column":4},"end":{"line":198,"column":22}},{"start":{"line":198,"column":17},"end":{"line":198,"column":61}}],"line":198},"1":{"loc":{"start":{"line":199,"column":4},"end":{"line":200,"column":null}},"type":"binary-expr","locations":[{"start":{"line":199,"column":4},"end":{"line":199,"column":null}},{"start":{"line":199,"column":23},"end":{"line":200,"column":null}}],"line":199},"2":{"loc":{"start":{"line":211,"column":10},"end":{"line":211,"column":null}},"type":"binary-expr","locations":[{"start":{"line":211,"column":10},"end":{"line":211,"column":19}},{"start":{"line":211,"column":19},"end":{"line":211,"column":null}}],"line":211},"3":{"loc":{"start":{"line":218,"column":10},"end":{"line":218,"column":null}},"type":"binary-expr","locations":[{"start":{"line":218,"column":10},"end":{"line":218,"column":19}},{"start":{"line":218,"column":19},"end":{"line":218,"column":null}}],"line":218},"4":{"loc":{"start":{"line":225,"column":10},"end":{"line":225,"column":null}},"type":"binary-expr","locations":[{"start":{"line":225,"column":10},"end":{"line":225,"column":19}},{"start":{"line":225,"column":19},"end":{"line":225,"column":null}}],"line":225},"5":{"loc":{"start":{"line":232,"column":10},"end":{"line":232,"column":null}},"type":"binary-expr","locations":[{"start":{"line":232,"column":10},"end":{"line":232,"column":19}},{"start":{"line":232,"column":19},"end":{"line":232,"column":null}}],"line":232},"6":{"loc":{"start":{"line":245,"column":2},"end":{"line":245,"column":null}},"type":"if","locations":[{"start":{"line":245,"column":2},"end":{"line":245,"column":null}},{"start":{},"end":{}}],"line":245}},"s":{"0":1,"1":1,"2":20,"3":20,"4":40,"5":20,"6":1,"7":20,"8":20,"9":1,"10":20,"11":20,"12":1,"13":20,"14":20,"15":20,"16":1,"17":16,"18":26,"19":16,"20":5,"21":20,"22":40,"23":40,"24":20,"25":20,"26":20,"27":20,"28":20,"29":20,"30":20,"31":1,"32":1,"33":1,"34":1,"35":1,"36":1,"37":1,"38":1},"f":{"0":20,"1":40,"2":20,"3":20,"4":20,"5":20,"6":20,"7":20,"8":20,"9":20,"10":16,"11":26,"12":16,"13":5,"14":20,"15":40,"16":40,"17":40,"18":20,"19":20,"20":20,"21":20,"22":20,"23":1,"24":1,"25":1,"26":1,"27":1},"b":{"0":[20,20],"1":[20,20],"2":[1,1],"3":[1,1],"4":[1,1],"5":[1,1],"6":[1,0]},"meta":{"lastBranch":7,"lastFunction":28,"lastStatement":39,"seen":{"s:10:22:79:Infinity":0,"s:89:22:100:Infinity":1,"f:89:25:89:26":0,"s:90:25:90:Infinity":2,"s:92:1:97:Infinity":3,"f:93:17:93:Infinity":1,"s:93:17:94:68":4,"f:95:13:95:Infinity":2,"s:95:13:97:18":5,"s:102:23:109:Infinity":6,"f:102:26:102:27":3,"s:103:1:106:Infinity":7,"f:104:23:104:Infinity":4,"s:104:23:105:50":8,"s:111:29:118:Infinity":9,"f:111:32:111:33":5,"s:112:1:115:Infinity":10,"f:113:29:113:Infinity":6,"s:113:29:114:47":11,"s:120:29:156:Infinity":12,"f:120:32:120:33":7,"s:121:1:136:Infinity":13,"f:122:29:122:Infinity":8,"s:122:29:135:4":14,"f:136:12:136:Infinity":9,"s:136:12:136:Infinity":15,"s:158:24:185:Infinity":16,"f:158:27:158:Infinity":10,"s:161:1:182:Infinity":17,"f:162:24:162:Infinity":11,"s:162:24:179:4":18,"f:180:12:180:Infinity":12,"s:180:12:182:Infinity":19,"f:195:9:195:19":13,"s:196:1:204:Infinity":20,"f:196:22:196:27":14,"s:196:27:202:Infinity":21,"f:197:13:197:20":15,"s:197:20:197:35":22,"f:197:37:197:44":16,"s:197:44:197:61":23,"f:197:61:197:Infinity":17,"s:197:61:202:Infinity":24,"s:198:4:198:61":25,"b:198:4:198:22:198:17:198:61":0,"f:198:4:198:12":18,"s:198:4:198:17":26,"f:198:32:198:34":19,"s:198:32:198:47":27,"f:198:61:198:Infinity":20,"s:199:4:200:Infinity":28,"b:199:4:199:Infinity:199:23:200:Infinity":1,"f:199:4:199:12":21,"s:199:4:199:23":29,"f:200:21:200:23":22,"s:200:21:200:42":30,"s:207:21:237:Infinity":31,"f:208:10:208:11":23,"s:209:2:214:Infinity":32,"b:211:10:211:19:211:19:211:Infinity":2,"f:215:8:215:9":24,"s:216:2:221:Infinity":33,"b:218:10:218:19:218:19:218:Infinity":3,"f:222:7:222:8":25,"s:223:2:228:Infinity":34,"b:225:10:225:19:225:19:225:Infinity":4,"f:229:10:229:11":26,"s:230:2:235:Infinity":35,"b:232:10:232:19:232:19:232:Infinity":5,"f:236:9:236:10":27,"s:236:36:236:Infinity":36,"s:239:21:245:2":37,"b:245:2:245:Infinity:undefined:undefined:undefined:undefined":6,"s:245:2:245:Infinity":38}}}
,"/skills/services/frontend/src/lib/utils.ts": {"path":"/skills/services/frontend/src/lib/utils.ts","statementMap":{"0":{"start":{"line":5,"column":1},"end":{"line":5,"column":null}}},"fnMap":{"0":{"name":"cn","decl":{"start":{"line":4,"column":16},"end":{"line":4,"column":22}},"loc":{"start":{"line":4,"column":44},"end":{"line":6,"column":null}},"line":4}},"branchMap":{},"s":{"0":625},"f":{"0":625},"b":{},"meta":{"lastBranch":0,"lastFunction":1,"lastStatement":1,"seen":{"f:4:16:4:22":0,"s:5:1:5:Infinity":0}}}
}
